2026-05-03 21:58:43,270 - INFO - main_ci.py::<module> - =========== START
2026-05-03 21:58:43,271 - INFO - makeExampleFiles.py::load_paths - =========== START
2026-05-03 21:58:43,271 - INFO - makeExampleFiles.py::load_paths - =========== END
2026-05-03 21:58:43,271 - INFO - makeExampleFiles.py::load_datetime - =========== START
2026-05-03 21:58:43,271 - INFO - makeExampleFiles.py::load_datetime - =========== END
2026-05-03 21:58:43,272 - INFO - makeExampleFiles.py::makeSampleFolder - =========== START
2026-05-03 21:58:43,289 - DEBUG - makeExampleFiles.py::makeSampleFolder - Success for making new sample dir.
2026-05-03 21:58:43,289 - INFO - makeExampleFiles.py::makeSampleFolder - =========== END
2026-05-03 21:58:43,290 - INFO - makeExampleFiles.py::create_allFiles - =========== START
2026-05-03 21:58:43,290 - DEBUG - makeExampleFiles.py::create_allFiles - Start making .log.gz
2026-05-03 21:58:43,312 - DEBUG - makeExampleFiles.py::create_allFiles - End making .log.gz
2026-05-03 21:58:43,312 - DEBUG - makeExampleFiles.py::create_allFiles - Start making .log/.txt
2026-05-03 21:58:43,315 - DEBUG - makeExampleFiles.py::create_allFiles - End making .log/.txt
2026-05-03 21:58:43,315 - DEBUG - makeExampleFiles.py::create_allFiles - Start making .dir
2026-05-03 21:58:43,316 - DEBUG - makeExampleFiles.py::create_allFiles - End making .dir
2026-05-03 21:58:43,316 - INFO - makeExampleFiles.py::create_allFiles - =========== END
2026-05-03 21:58:43,320 - INFO - makeZip.py::makeWorkspaceFolder - =========== START
2026-05-03 21:58:43,323 - DEBUG - makeZip.py::makeWorkspaceFolder - Success for deleting Workspace dir.
2026-05-03 21:58:43,324 - DEBUG - makeZip.py::makeWorkspaceFolder - Success for making new Workspace dir.
2026-05-03 21:58:43,324 - INFO - makeZip.py::makeWorkspaceFolder - =========== END
2026-05-03 21:58:43,324 - INFO - makeZip.py::exporting - =========== START
2026-05-03 21:58:43,332 - WARNING - makeZip.py::exporting - Done - no target file.
2026-05-03 21:58:43,333 - INFO - makeZip.py::exporting - =========== END
2026-05-03 21:58:43,333 - INFO - makeZip.py::zipping - =========== START
2026-05-03 21:58:43,336 - INFO - makeZip.py::zipping - =========== END
2026-05-03 21:58:43,336 - INFO - main_ci.py::<module> - No log files.
2026-05-03 21:58:43,336 - INFO - main_ci.py::<module> - =========== END
