2026-05-03 21:01:46,425 - INFO - makeExampleFiles.py::load_paths - =========== START
2026-05-03 21:01:46,425 - INFO - makeExampleFiles.py::load_paths - =========== END
2026-05-03 21:01:46,426 - INFO - makeExampleFiles.py::load_datetime - =========== START
2026-05-03 21:01:46,426 - INFO - makeExampleFiles.py::load_datetime - =========== END
2026-05-03 21:01:46,426 - INFO - makeExampleFiles.py::makeSampleFolder - =========== START
2026-05-03 21:01:46,426 - DEBUG - makeExampleFiles.py::makeSampleFolder - Success for making new sample dir.
2026-05-03 21:01:46,426 - INFO - makeExampleFiles.py::makeSampleFolder - =========== END
2026-05-03 21:01:46,427 - INFO - makeExampleFiles.py::create_allFiles - =========== START
2026-05-03 21:01:46,427 - DEBUG - makeExampleFiles.py::create_allFiles - Start making .log.gz
2026-05-03 21:01:46,450 - DEBUG - makeExampleFiles.py::create_allFiles - End making .log.gz
2026-05-03 21:01:46,450 - DEBUG - makeExampleFiles.py::create_allFiles - Start making .log/.txt
2026-05-03 21:01:46,452 - DEBUG - makeExampleFiles.py::create_allFiles - End making .log/.txt
2026-05-03 21:01:46,452 - DEBUG - makeExampleFiles.py::create_allFiles - Start making .dir
2026-05-03 21:01:46,453 - DEBUG - makeExampleFiles.py::create_allFiles - End making .dir
2026-05-03 21:01:46,453 - INFO - makeExampleFiles.py::create_allFiles - =========== END
2026-05-03 21:01:48,521 - INFO - makeGUI.py::browse_folder - =========== START
2026-05-03 21:01:52,231 - INFO - makeGUI.py::browse_folder - =========== END
2026-05-03 21:02:02,533 - INFO - makeGUI.py::on_submit - =========== START
2026-05-03 21:02:02,538 - DEBUG - makeGUI.py::on_submit - Success input
2026-05-03 21:02:02,549 - DEBUG - makeGUI.py::on_submit - sample path : C:/Users/admin/Documents/zippy/sampleLogs
2026-05-03 21:02:02,549 - DEBUG - makeGUI.py::on_submit - datetime : 2026-05-02 11:15:00
2026-05-03 21:02:02,549 - INFO - makeZip.py::makeWorkspaceFolder - =========== START
2026-05-03 21:02:02,552 - DEBUG - makeZip.py::makeWorkspaceFolder - Success for deleting Workspace dir.
2026-05-03 21:02:02,553 - DEBUG - makeZip.py::makeWorkspaceFolder - Success for making new Workspace dir.
2026-05-03 21:02:02,553 - INFO - makeZip.py::makeWorkspaceFolder - =========== END
2026-05-03 21:02:02,553 - INFO - makeZip.py::exporting - =========== START
2026-05-03 21:02:02,616 - DEBUG - makeZip.py::exporting - Done - check the format of files.
2026-05-03 21:02:02,616 - INFO - makeZip.py::exporting - =========== END
2026-05-03 21:02:02,616 - INFO - makeZip.py::zipping - =========== START
2026-05-03 21:02:02,627 - INFO - makeZip.py::zipping - =========== END
2026-05-03 21:02:02,627 - INFO - makeGUI.py::on_submit - All process is successfully done.
2026-05-03 21:02:02,628 - INFO - makeGUI.py::on_submit - =========== END
