2026-05-03 21:58:53,051 - INFO - main_ci.py::<module> - =========== START
2026-05-03 21:58:53,051 - INFO - makeExampleFiles.py::load_paths - =========== START
2026-05-03 21:58:53,052 - INFO - makeExampleFiles.py::load_paths - =========== END
2026-05-03 21:58:53,052 - INFO - makeExampleFiles.py::load_datetime - =========== START
2026-05-03 21:58:53,052 - INFO - makeExampleFiles.py::load_datetime - =========== END
2026-05-03 21:58:53,052 - INFO - makeExampleFiles.py::makeSampleFolder - =========== START
2026-05-03 21:58:53,067 - DEBUG - makeExampleFiles.py::makeSampleFolder - Success for making new sample dir.
2026-05-03 21:58:53,067 - INFO - makeExampleFiles.py::makeSampleFolder - =========== END
2026-05-03 21:58:53,067 - INFO - makeExampleFiles.py::create_allFiles - =========== START
2026-05-03 21:58:53,068 - DEBUG - makeExampleFiles.py::create_allFiles - Start making .log.gz
2026-05-03 21:58:53,089 - DEBUG - makeExampleFiles.py::create_allFiles - End making .log.gz
2026-05-03 21:58:53,089 - DEBUG - makeExampleFiles.py::create_allFiles - Start making .log/.txt
2026-05-03 21:58:53,092 - DEBUG - makeExampleFiles.py::create_allFiles - End making .log/.txt
2026-05-03 21:58:53,092 - DEBUG - makeExampleFiles.py::create_allFiles - Start making .dir
2026-05-03 21:58:53,093 - DEBUG - makeExampleFiles.py::create_allFiles - End making .dir
2026-05-03 21:58:53,093 - INFO - makeExampleFiles.py::create_allFiles - =========== END
2026-05-03 21:58:53,098 - INFO - makeZip.py::makeWorkspaceFolder - =========== START
2026-05-03 21:58:53,100 - DEBUG - makeZip.py::makeWorkspaceFolder - Success for deleting Workspace dir.
2026-05-03 21:58:53,101 - DEBUG - makeZip.py::makeWorkspaceFolder - Success for making new Workspace dir.
2026-05-03 21:58:53,101 - INFO - makeZip.py::makeWorkspaceFolder - =========== END
2026-05-03 21:58:53,101 - INFO - makeZip.py::exporting - =========== START
2026-05-03 21:58:53,109 - WARNING - makeZip.py::exporting - Done - no target file.
2026-05-03 21:58:53,110 - INFO - makeZip.py::exporting - =========== END
2026-05-03 21:58:53,110 - INFO - makeZip.py::zipping - =========== START
2026-05-03 21:58:53,113 - INFO - makeZip.py::zipping - =========== END
2026-05-03 21:58:53,113 - INFO - main_ci.py::<module> - No log files.
2026-05-03 21:58:53,113 - INFO - main_ci.py::<module> - =========== END
