2026-05-03 22:01:15,968 - INFO - main_ci.py::<module> - =========== START
2026-05-03 22:01:15,969 - INFO - makeExampleFiles.py::load_paths - =========== START
2026-05-03 22:01:15,969 - INFO - makeExampleFiles.py::load_paths - =========== END
2026-05-03 22:01:15,969 - INFO - makeExampleFiles.py::load_datetime - =========== START
2026-05-03 22:01:15,970 - INFO - makeExampleFiles.py::load_datetime - =========== END
2026-05-03 22:01:15,970 - INFO - makeExampleFiles.py::makeSampleFolder - =========== START
2026-05-03 22:01:15,991 - DEBUG - makeExampleFiles.py::makeSampleFolder - Success for making new sample dir.
2026-05-03 22:01:15,992 - INFO - makeExampleFiles.py::makeSampleFolder - =========== END
2026-05-03 22:01:15,992 - INFO - makeExampleFiles.py::create_allFiles - =========== START
2026-05-03 22:01:15,992 - DEBUG - makeExampleFiles.py::create_allFiles - Start making .log.gz
2026-05-03 22:01:16,014 - DEBUG - makeExampleFiles.py::create_allFiles - End making .log.gz
2026-05-03 22:01:16,014 - DEBUG - makeExampleFiles.py::create_allFiles - Start making .log/.txt
2026-05-03 22:01:16,017 - DEBUG - makeExampleFiles.py::create_allFiles - End making .log/.txt
2026-05-03 22:01:16,017 - DEBUG - makeExampleFiles.py::create_allFiles - Start making .dir
2026-05-03 22:01:16,018 - DEBUG - makeExampleFiles.py::create_allFiles - End making .dir
2026-05-03 22:01:16,018 - INFO - makeExampleFiles.py::create_allFiles - =========== END
2026-05-03 22:01:16,023 - INFO - makeZip.py::makeWorkspaceFolder - =========== START
2026-05-03 22:01:16,026 - DEBUG - makeZip.py::makeWorkspaceFolder - Success for deleting Workspace dir.
2026-05-03 22:01:16,026 - DEBUG - makeZip.py::makeWorkspaceFolder - Success for making new Workspace dir.
2026-05-03 22:01:16,026 - INFO - makeZip.py::makeWorkspaceFolder - =========== END
2026-05-03 22:01:16,026 - INFO - makeZip.py::exporting - =========== START
2026-05-03 22:01:16,087 - DEBUG - makeZip.py::exporting - Done - check the format of files.
2026-05-03 22:01:16,087 - INFO - makeZip.py::exporting - =========== END
2026-05-03 22:01:16,088 - INFO - makeZip.py::zipping - =========== START
2026-05-03 22:01:16,099 - INFO - makeZip.py::zipping - =========== END
2026-05-03 22:01:16,100 - INFO - main_ci.py::<module> - All process is successfully done.
2026-05-03 22:01:16,100 - INFO - main_ci.py::<module> - =========== END
