2026-05-03 22:02:54,135 - INFO - main_ci.py::<module> - =========== START
2026-05-03 22:02:54,135 - INFO - makeExampleFiles.py::load_paths - =========== START
2026-05-03 22:02:54,135 - INFO - makeExampleFiles.py::load_paths - =========== END
2026-05-03 22:02:54,135 - INFO - makeExampleFiles.py::load_datetime - =========== START
2026-05-03 22:02:54,136 - INFO - makeExampleFiles.py::load_datetime - =========== END
2026-05-03 22:02:54,136 - INFO - makeExampleFiles.py::makeSampleFolder - =========== START
2026-05-03 22:02:54,156 - DEBUG - makeExampleFiles.py::makeSampleFolder - Success for making new sample dir.
2026-05-03 22:02:54,157 - INFO - makeExampleFiles.py::makeSampleFolder - =========== END
2026-05-03 22:02:54,157 - INFO - makeExampleFiles.py::create_allFiles - =========== START
2026-05-03 22:02:54,157 - DEBUG - makeExampleFiles.py::create_allFiles - Start making .log.gz
2026-05-03 22:02:54,179 - DEBUG - makeExampleFiles.py::create_allFiles - End making .log.gz
2026-05-03 22:02:54,180 - DEBUG - makeExampleFiles.py::create_allFiles - Start making .log/.txt
2026-05-03 22:02:54,182 - DEBUG - makeExampleFiles.py::create_allFiles - End making .log/.txt
2026-05-03 22:02:54,182 - DEBUG - makeExampleFiles.py::create_allFiles - Start making .dir
2026-05-03 22:02:54,183 - DEBUG - makeExampleFiles.py::create_allFiles - End making .dir
2026-05-03 22:02:54,184 - INFO - makeExampleFiles.py::create_allFiles - =========== END
2026-05-03 22:02:54,188 - DEBUG - main_ci.py::<module> - path :./sampleLogs
2026-05-03 22:02:54,188 - DEBUG - main_ci.py::<module> - date :2026-05-02 11:12:00
2026-05-03 22:02:54,188 - INFO - makeZip.py::makeWorkspaceFolder - =========== START
2026-05-03 22:02:54,191 - DEBUG - makeZip.py::makeWorkspaceFolder - Success for deleting Workspace dir.
2026-05-03 22:02:54,191 - DEBUG - makeZip.py::makeWorkspaceFolder - Success for making new Workspace dir.
2026-05-03 22:02:54,192 - INFO - makeZip.py::makeWorkspaceFolder - =========== END
2026-05-03 22:02:54,192 - INFO - makeZip.py::exporting - =========== START
2026-05-03 22:02:54,254 - DEBUG - makeZip.py::exporting - Done - check the format of files.
2026-05-03 22:02:54,254 - INFO - makeZip.py::exporting - =========== END
2026-05-03 22:02:54,254 - INFO - makeZip.py::zipping - =========== START
2026-05-03 22:02:54,268 - INFO - makeZip.py::zipping - =========== END
2026-05-03 22:02:54,268 - INFO - main_ci.py::<module> - All process is successfully done.
2026-05-03 22:02:54,269 - INFO - main_ci.py::<module> - =========== END
